Job ID: 227
Host: worker-0
Base torch check before install:
torch: 2.6.0a0+df5bbc09d1.nv24.12
cuda_available: True
gpu: NVIDIA H200
Installing HF stack without replacing torch...
DEPRECATION: Loading egg at /usr/local/lib/python3.12/dist-packages/texttable-1.7.0-py3.12.egg is deprecated. pip 25.1 will enforce this behaviour change. A possible replacement is to use pip for package installation. Discussion can be found at https://github.com/pypa/pip/issues/12330
DEPRECATION: Loading egg at /usr/local/lib/python3.12/dist-packages/dill-0.3.9-py3.12.egg is deprecated. pip 25.1 will enforce this behaviour change. A possible replacement is to use pip for package installation. Discussion can be found at https://github.com/pypa/pip/issues/12330
DEPRECATION: Loading egg at /usr/local/lib/python3.12/dist-packages/igraph-0.11.8-py3.12-linux-x86_64.egg is deprecated. pip 25.1 will enforce this behaviour change. A possible replacement is to use pip for package installation. Discussion can be found at https://github.com/pypa/pip/issues/12330
DEPRECATION: Loading egg at /usr/local/lib/python3.12/dist-packages/lightning_thunder-0.2.0.dev0-py3.12.egg is deprecated. pip 25.1 will enforce this behaviour change. A possible replacement is to use pip for package installation. Discussion can be found at https://github.com/pypa/pip/issues/12330
DEPRECATION: Loading egg at /usr/local/lib/python3.12/dist-packages/looseversion-1.3.0-py3.12.egg is deprecated. pip 25.1 will enforce this behaviour change. A possible replacement is to use pip for package installation. Discussion can be found at https://github.com/pypa/pip/issues/12330
DEPRECATION: Loading egg at /usr/local/lib/python3.12/dist-packages/nvfuser-0.2.13a0+0d33366-py3.12-linux-x86_64.egg is deprecated. pip 25.1 will enforce this behaviour change. A possible replacement is to use pip for package installation. Discussion can be found at https://github.com/pypa/pip/issues/12330
DEPRECATION: Loading egg at /usr/local/lib/python3.12/dist-packages/opt_einsum-3.4.0-py3.12.egg is deprecated. pip 25.1 will enforce this behaviour change. A possible replacement is to use pip for package installation. Discussion can be found at https://github.com/pypa/pip/issues/12330
DEPRECATION: Loading egg at /usr/local/lib/python3.12/dist-packages/lightning_utilities-0.11.9-py3.12.egg is deprecated. pip 25.1 will enforce this behaviour change. A possible replacement is to use pip for package installation. Discussion can be found at https://github.com/pypa/pip/issues/12330
Looking in indexes: https://pypi.org/simple, https://pypi.ngc.nvidia.com
Collecting transformers==4.46.3
  Downloading transformers-4.46.3-py3-none-any.whl.metadata (44 kB)
Collecting tokenizers==0.20.3
  Downloading tokenizers-0.20.3-cp312-cp312-manylinux_2_17_x86_64.manylinux2014_x86_64.whl.metadata (6.7 kB)
Collecting huggingface-hub==0.26.5
  Downloading huggingface_hub-0.26.5-py3-none-any.whl.metadata (13 kB)
Requirement already satisfied: safetensors==0.4.5 in /usr/local/lib/python3.12/dist-packages (0.4.5)
Collecting datasets==3.2.0
  Downloading datasets-3.2.0-py3-none-any.whl.metadata (20 kB)
Collecting evaluate==0.4.3
  Downloading evaluate-0.4.3-py3-none-any.whl.metadata (9.2 kB)
Collecting peft==0.14.0
  Downloading peft-0.14.0-py3-none-any.whl.metadata (13 kB)
Collecting accelerate==1.2.1
  Downloading accelerate-1.2.1-py3-none-any.whl.metadata (19 kB)
Collecting sentencepiece==0.2.0
  Downloading sentencepiece-0.2.0-cp312-cp312-manylinux_2_17_x86_64.manylinux2014_x86_64.whl.metadata (7.7 kB)
Requirement already satisfied: protobuf<5 in /usr/local/lib/python3.12/dist-packages (4.24.4)
Requirement already satisfied: pyarrow==17.0.0 in /usr/local/lib/python3.12/dist-packages (17.0.0)
Collecting dill==0.3.8
  Downloading dill-0.3.8-py3-none-any.whl.metadata (10 kB)
Collecting multiprocess==0.70.16
  Downloading multiprocess-0.70.16-py312-none-any.whl.metadata (7.2 kB)
Collecting fsspec==2024.9.0
  Downloading fsspec-2024.9.0-py3-none-any.whl.metadata (11 kB)
Collecting xxhash==3.5.0
  Downloading xxhash-3.5.0-cp312-cp312-manylinux_2_17_x86_64.manylinux2014_x86_64.whl.metadata (12 kB)
Downloading transformers-4.46.3-py3-none-any.whl (10.0 MB)
   ━━━━━━━━━━━━━━━━━━━━━━━━━━━━━━━━━━━━━━━━ 10.0/10.0 MB 55.3 MB/s eta 0:00:00
Downloading tokenizers-0.20.3-cp312-cp312-manylinux_2_17_x86_64.manylinux2014_x86_64.whl (3.0 MB)
   ━━━━━━━━━━━━━━━━━━━━━━━━━━━━━━━━━━━━━━━━ 3.0/3.0 MB 337.2 MB/s eta 0:00:00
Downloading huggingface_hub-0.26.5-py3-none-any.whl (447 kB)
Downloading datasets-3.2.0-py3-none-any.whl (480 kB)
Downloading evaluate-0.4.3-py3-none-any.whl (84 kB)
Downloading peft-0.14.0-py3-none-any.whl (374 kB)
Downloading accelerate-1.2.1-py3-none-any.whl (336 kB)
Downloading sentencepiece-0.2.0-cp312-cp312-manylinux_2_17_x86_64.manylinux2014_x86_64.whl (1.3 MB)
   ━━━━━━━━━━━━━━━━━━━━━━━━━━━━━━━━━━━━━━━━ 1.3/1.3 MB 210.9 MB/s eta 0:00:00
Downloading dill-0.3.8-py3-none-any.whl (116 kB)
Downloading multiprocess-0.70.16-py312-none-any.whl (146 kB)
Downloading fsspec-2024.9.0-py3-none-any.whl (179 kB)
Downloading xxhash-3.5.0-cp312-cp312-manylinux_2_17_x86_64.manylinux2014_x86_64.whl (194 kB)
Installing collected packages: sentencepiece, xxhash, transformers, tokenizers, peft, multiprocess, huggingface-hub, fsspec, evaluate, dill, datasets, accelerate
Successfully installed accelerate-1.2.1 datasets-3.2.0 dill-0.3.8 evaluate-0.4.3 fsspec-2024.9.0 huggingface-hub-0.26.5 multiprocess-0.70.16 peft-0.14.0 sentencepiece-0.2.0 tokenizers-0.20.3 transformers-4.46.3 xxhash-3.5.0

[notice] A new release of pip is available: 24.3.1 -> 26.1.1
[notice] To update, run: python -m pip install --upgrade pip
Verifying installs...
torch OK 2.6.0a0+df5bbc09d1.nv24.12
transformers OK 4.46.3
datasets OK 3.2.0
accelerate OK 1.2.1
peft OK 0.14.0
evaluate OK 0.4.3
sentencepiece OK 0.2.0
pyarrow OK 17.0.0
cuda_available: True
torch_version: 2.6.0a0+df5bbc09d1.nv24.12
gpu: NVIDIA H200
HF package install complete.
