Job ID: 226
Host: worker-0
Looking in indexes: https://pypi.org/simple, https://pypi.ngc.nvidia.com
Collecting transformers==4.46.3
  Downloading transformers-4.46.3-py3-none-any.whl.metadata (44 kB)
Collecting datasets==3.2.0
  Downloading datasets-3.2.0-py3-none-any.whl.metadata (20 kB)
Collecting accelerate==1.2.1
  Downloading accelerate-1.2.1-py3-none-any.whl.metadata (19 kB)
Collecting peft==0.14.0
  Downloading peft-0.14.0-py3-none-any.whl.metadata (13 kB)
Collecting evaluate==0.4.3
  Downloading evaluate-0.4.3-py3-none-any.whl.metadata (9.2 kB)
Collecting sentencepiece==0.2.0
  Downloading sentencepiece-0.2.0-cp312-cp312-manylinux_2_17_x86_64.manylinux2014_x86_64.whl.metadata (7.7 kB)
Collecting protobuf<5
  Downloading protobuf-4.25.9-cp37-abi3-manylinux2014_x86_64.whl.metadata (541 bytes)
Collecting pyarrow<18
  Downloading pyarrow-17.0.0-cp312-cp312-manylinux_2_28_x86_64.whl.metadata (3.3 kB)
Collecting tokenizers<0.21
  Downloading tokenizers-0.20.3-cp312-cp312-manylinux_2_17_x86_64.manylinux2014_x86_64.whl.metadata (6.7 kB)
Collecting huggingface-hub<1.0
  Downloading huggingface_hub-0.36.2-py3-none-any.whl.metadata (15 kB)
Collecting filelock (from transformers==4.46.3)
  Downloading filelock-3.29.0-py3-none-any.whl.metadata (2.0 kB)
Collecting numpy>=1.17 (from transformers==4.46.3)
  Downloading numpy-2.4.4-cp312-cp312-manylinux_2_27_x86_64.manylinux_2_28_x86_64.whl.metadata (6.6 kB)
Collecting packaging>=20.0 (from transformers==4.46.3)
  Downloading packaging-26.2-py3-none-any.whl.metadata (3.5 kB)
Collecting pyyaml>=5.1 (from transformers==4.46.3)
  Downloading pyyaml-6.0.3-cp312-cp312-manylinux2014_x86_64.manylinux_2_17_x86_64.manylinux_2_28_x86_64.whl.metadata (2.4 kB)
Collecting regex!=2019.12.17 (from transformers==4.46.3)
  Downloading regex-2026.5.9-cp312-cp312-manylinux2014_x86_64.manylinux_2_17_x86_64.manylinux_2_28_x86_64.whl.metadata (40 kB)
Collecting requests (from transformers==4.46.3)
  Downloading requests-2.34.0-py3-none-any.whl.metadata (4.8 kB)
Collecting safetensors>=0.4.1 (from transformers==4.46.3)
  Downloading safetensors-0.7.0-cp38-abi3-manylinux_2_17_x86_64.manylinux2014_x86_64.whl.metadata (4.1 kB)
Collecting tqdm>=4.27 (from transformers==4.46.3)
  Downloading tqdm-4.67.3-py3-none-any.whl.metadata (57 kB)
Collecting dill<0.3.9,>=0.3.0 (from datasets==3.2.0)
  Downloading dill-0.3.8-py3-none-any.whl.metadata (10 kB)
Collecting pandas (from datasets==3.2.0)
  Downloading pandas-3.0.3-cp312-cp312-manylinux_2_24_x86_64.manylinux_2_28_x86_64.whl.metadata (79 kB)
Collecting xxhash (from datasets==3.2.0)
  Downloading xxhash-3.7.0-cp312-cp312-manylinux2014_x86_64.manylinux_2_17_x86_64.manylinux_2_28_x86_64.whl.metadata (13 kB)
Collecting multiprocess<0.70.17 (from datasets==3.2.0)
  Downloading multiprocess-0.70.16-py312-none-any.whl.metadata (7.2 kB)
Collecting fsspec<=2024.9.0,>=2023.1.0 (from fsspec[http]<=2024.9.0,>=2023.1.0->datasets==3.2.0)
  Downloading fsspec-2024.9.0-py3-none-any.whl.metadata (11 kB)
Collecting aiohttp (from datasets==3.2.0)
  Downloading aiohttp-3.13.5-cp312-cp312-manylinux2014_x86_64.manylinux_2_17_x86_64.manylinux_2_28_x86_64.whl.metadata (8.1 kB)
Collecting psutil (from accelerate==1.2.1)
  Downloading psutil-7.2.2-cp36-abi3-manylinux2010_x86_64.manylinux_2_12_x86_64.manylinux_2_28_x86_64.whl.metadata (22 kB)
Collecting torch>=1.10.0 (from accelerate==1.2.1)
  Downloading torch-2.11.0-cp312-cp312-manylinux_2_28_x86_64.whl.metadata (29 kB)
Collecting hf-xet<2.0.0,>=1.1.3 (from huggingface-hub<1.0)
  Downloading hf_xet-1.5.0-cp37-abi3-manylinux2014_x86_64.manylinux_2_17_x86_64.whl.metadata (4.9 kB)
Collecting typing-extensions>=3.7.4.3 (from huggingface-hub<1.0)
  Downloading typing_extensions-4.15.0-py3-none-any.whl.metadata (3.3 kB)
Collecting aiohappyeyeballs>=2.5.0 (from aiohttp->datasets==3.2.0)
  Downloading aiohappyeyeballs-2.6.1-py3-none-any.whl.metadata (5.9 kB)
Collecting aiosignal>=1.4.0 (from aiohttp->datasets==3.2.0)
  Downloading aiosignal-1.4.0-py3-none-any.whl.metadata (3.7 kB)
Collecting attrs>=17.3.0 (from aiohttp->datasets==3.2.0)
  Downloading attrs-26.1.0-py3-none-any.whl.metadata (8.8 kB)
Collecting frozenlist>=1.1.1 (from aiohttp->datasets==3.2.0)
  Downloading frozenlist-1.8.0-cp312-cp312-manylinux1_x86_64.manylinux_2_28_x86_64.manylinux_2_5_x86_64.whl.metadata (20 kB)
Collecting multidict<7.0,>=4.5 (from aiohttp->datasets==3.2.0)
  Downloading multidict-6.7.1-cp312-cp312-manylinux2014_x86_64.manylinux_2_17_x86_64.manylinux_2_28_x86_64.whl.metadata (5.3 kB)
Collecting propcache>=0.2.0 (from aiohttp->datasets==3.2.0)
  Downloading propcache-0.5.2-cp312-cp312-manylinux2014_x86_64.manylinux_2_17_x86_64.manylinux_2_28_x86_64.whl.metadata (16 kB)
Collecting yarl<2.0,>=1.17.0 (from aiohttp->datasets==3.2.0)
  Downloading yarl-1.23.0-cp312-cp312-manylinux2014_x86_64.manylinux_2_17_x86_64.manylinux_2_28_x86_64.whl.metadata (79 kB)
Collecting idna>=2.0 (from yarl<2.0,>=1.17.0->aiohttp->datasets==3.2.0)
  Downloading idna-3.15-py3-none-any.whl.metadata (7.7 kB)
Collecting charset_normalizer<4,>=2 (from requests->transformers==4.46.3)
  Downloading charset_normalizer-3.4.7-cp312-cp312-manylinux2014_x86_64.manylinux_2_17_x86_64.manylinux_2_28_x86_64.whl.metadata (40 kB)
Collecting urllib3<3,>=1.26 (from requests->transformers==4.46.3)
  Downloading urllib3-2.7.0-py3-none-any.whl.metadata (6.9 kB)
Collecting certifi>=2023.5.7 (from requests->transformers==4.46.3)
  Downloading certifi-2026.4.22-py3-none-any.whl.metadata (2.5 kB)
Collecting setuptools<82 (from torch>=1.10.0->accelerate==1.2.1)
  Downloading setuptools-81.0.0-py3-none-any.whl.metadata (6.6 kB)
Collecting sympy>=1.13.3 (from torch>=1.10.0->accelerate==1.2.1)
  Downloading sympy-1.14.0-py3-none-any.whl.metadata (12 kB)
Collecting networkx>=2.5.1 (from torch>=1.10.0->accelerate==1.2.1)
  Downloading networkx-3.6.1-py3-none-any.whl.metadata (6.8 kB)
Collecting jinja2 (from torch>=1.10.0->accelerate==1.2.1)
  Downloading jinja2-3.1.6-py3-none-any.whl.metadata (2.9 kB)
Collecting cuda-toolkit==13.0.2 (from cuda-toolkit[cublas,cudart,cufft,cufile,cupti,curand,cusolver,cusparse,nvjitlink,nvrtc,nvtx]==13.0.2; platform_system == "Linux"->torch>=1.10.0->accelerate==1.2.1)
  Downloading cuda_toolkit-13.0.2-py2.py3-none-any.whl.metadata (9.4 kB)
Collecting cuda-bindings<14,>=13.0.3 (from torch>=1.10.0->accelerate==1.2.1)
  Downloading cuda_bindings-13.2.0-cp312-cp312-manylinux_2_24_x86_64.manylinux_2_28_x86_64.whl.metadata (2.3 kB)
Collecting nvidia-cudnn-cu13==9.19.0.56 (from torch>=1.10.0->accelerate==1.2.1)
  Downloading nvidia_cudnn_cu13-9.19.0.56-py3-none-manylinux_2_27_x86_64.whl.metadata (1.9 kB)
Collecting nvidia-cusparselt-cu13==0.8.0 (from torch>=1.10.0->accelerate==1.2.1)
  Downloading nvidia_cusparselt_cu13-0.8.0-py3-none-manylinux2014_x86_64.whl.metadata (12 kB)
Collecting nvidia-nccl-cu13==2.28.9 (from torch>=1.10.0->accelerate==1.2.1)
  Downloading nvidia_nccl_cu13-2.28.9-py3-none-manylinux_2_18_x86_64.whl.metadata (2.0 kB)
Collecting nvidia-nvshmem-cu13==3.4.5 (from torch>=1.10.0->accelerate==1.2.1)
  Downloading nvidia_nvshmem_cu13-3.4.5-py3-none-manylinux2014_x86_64.manylinux_2_17_x86_64.whl.metadata (2.1 kB)
Collecting triton==3.6.0 (from torch>=1.10.0->accelerate==1.2.1)
  Downloading triton-3.6.0-cp312-cp312-manylinux_2_27_x86_64.manylinux_2_28_x86_64.whl.metadata (1.7 kB)
Collecting nvidia-cublas==13.1.0.3.* (from cuda-toolkit[cublas,cudart,cufft,cufile,cupti,curand,cusolver,cusparse,nvjitlink,nvrtc,nvtx]==13.0.2; platform_system == "Linux"->torch>=1.10.0->accelerate==1.2.1)
  Downloading nvidia_cublas-13.1.0.3-py3-none-manylinux_2_27_x86_64.whl.metadata (1.7 kB)
Collecting nvidia-cuda-runtime==13.0.96.* (from cuda-toolkit[cublas,cudart,cufft,cufile,cupti,curand,cusolver,cusparse,nvjitlink,nvrtc,nvtx]==13.0.2; platform_system == "Linux"->torch>=1.10.0->accelerate==1.2.1)
  Downloading nvidia_cuda_runtime-13.0.96-py3-none-manylinux2014_x86_64.manylinux_2_17_x86_64.whl.metadata (1.7 kB)
Collecting nvidia-cufft==12.0.0.61.* (from cuda-toolkit[cublas,cudart,cufft,cufile,cupti,curand,cusolver,cusparse,nvjitlink,nvrtc,nvtx]==13.0.2; platform_system == "Linux"->torch>=1.10.0->accelerate==1.2.1)
  Downloading nvidia_cufft-12.0.0.61-py3-none-manylinux2014_x86_64.manylinux_2_17_x86_64.whl.metadata (1.8 kB)
Collecting nvidia-cufile==1.15.1.6.* (from cuda-toolkit[cublas,cudart,cufft,cufile,cupti,curand,cusolver,cusparse,nvjitlink,nvrtc,nvtx]==13.0.2; platform_system == "Linux"->torch>=1.10.0->accelerate==1.2.1)
  Downloading nvidia_cufile-1.15.1.6-py3-none-manylinux2014_x86_64.manylinux_2_17_x86_64.whl.metadata (1.7 kB)
Collecting nvidia-cuda-cupti==13.0.85.* (from cuda-toolkit[cublas,cudart,cufft,cufile,cupti,curand,cusolver,cusparse,nvjitlink,nvrtc,nvtx]==13.0.2; platform_system == "Linux"->torch>=1.10.0->accelerate==1.2.1)
  Downloading nvidia_cuda_cupti-13.0.85-py3-none-manylinux_2_25_x86_64.whl.metadata (1.7 kB)
Collecting nvidia-curand==10.4.0.35.* (from cuda-toolkit[cublas,cudart,cufft,cufile,cupti,curand,cusolver,cusparse,nvjitlink,nvrtc,nvtx]==13.0.2; platform_system == "Linux"->torch>=1.10.0->accelerate==1.2.1)
  Downloading nvidia_curand-10.4.0.35-py3-none-manylinux_2_27_x86_64.whl.metadata (1.7 kB)
Collecting nvidia-cusolver==12.0.4.66.* (from cuda-toolkit[cublas,cudart,cufft,cufile,cupti,curand,cusolver,cusparse,nvjitlink,nvrtc,nvtx]==13.0.2; platform_system == "Linux"->torch>=1.10.0->accelerate==1.2.1)
  Downloading nvidia_cusolver-12.0.4.66-py3-none-manylinux_2_27_x86_64.whl.metadata (1.8 kB)
Collecting nvidia-cusparse==12.6.3.3.* (from cuda-toolkit[cublas,cudart,cufft,cufile,cupti,curand,cusolver,cusparse,nvjitlink,nvrtc,nvtx]==13.0.2; platform_system == "Linux"->torch>=1.10.0->accelerate==1.2.1)
  Downloading nvidia_cusparse-12.6.3.3-py3-none-manylinux2014_x86_64.manylinux_2_17_x86_64.whl.metadata (1.8 kB)
Collecting nvidia-nvjitlink==13.0.88.* (from cuda-toolkit[cublas,cudart,cufft,cufile,cupti,curand,cusolver,cusparse,nvjitlink,nvrtc,nvtx]==13.0.2; platform_system == "Linux"->torch>=1.10.0->accelerate==1.2.1)
  Downloading nvidia_nvjitlink-13.0.88-py3-none-manylinux2010_x86_64.manylinux_2_12_x86_64.whl.metadata (1.7 kB)
Collecting nvidia-cuda-nvrtc==13.0.88.* (from cuda-toolkit[cublas,cudart,cufft,cufile,cupti,curand,cusolver,cusparse,nvjitlink,nvrtc,nvtx]==13.0.2; platform_system == "Linux"->torch>=1.10.0->accelerate==1.2.1)
  Downloading nvidia_cuda_nvrtc-13.0.88-py3-none-manylinux2010_x86_64.manylinux_2_12_x86_64.whl.metadata (1.7 kB)
Collecting nvidia-nvtx==13.0.85.* (from cuda-toolkit[cublas,cudart,cufft,cufile,cupti,curand,cusolver,cusparse,nvjitlink,nvrtc,nvtx]==13.0.2; platform_system == "Linux"->torch>=1.10.0->accelerate==1.2.1)
  Downloading nvidia_nvtx-13.0.85-py3-none-manylinux1_x86_64.manylinux_2_5_x86_64.whl.metadata (1.8 kB)
Collecting cuda-pathfinder~=1.1 (from cuda-bindings<14,>=13.0.3->torch>=1.10.0->accelerate==1.2.1)
  Downloading cuda_pathfinder-1.5.4-py3-none-any.whl.metadata (1.9 kB)
Collecting mpmath<1.4,>=1.1.0 (from sympy>=1.13.3->torch>=1.10.0->accelerate==1.2.1)
  Downloading mpmath-1.3.0-py3-none-any.whl.metadata (8.6 kB)
Collecting MarkupSafe>=2.0 (from jinja2->torch>=1.10.0->accelerate==1.2.1)
  Downloading markupsafe-3.0.3-cp312-cp312-manylinux2014_x86_64.manylinux_2_17_x86_64.manylinux_2_28_x86_64.whl.metadata (2.7 kB)
Collecting python-dateutil>=2.8.2 (from pandas->datasets==3.2.0)
  Downloading python_dateutil-2.9.0.post0-py2.py3-none-any.whl.metadata (8.4 kB)
Collecting six>=1.5 (from python-dateutil>=2.8.2->pandas->datasets==3.2.0)
  Downloading six-1.17.0-py2.py3-none-any.whl.metadata (1.7 kB)
Downloading transformers-4.46.3-py3-none-any.whl (10.0 MB)
   ━━━━━━━━━━━━━━━━━━━━━━━━━━━━━━━━━━━━━━━━ 10.0/10.0 MB 38.4 MB/s  0:00:00
Downloading datasets-3.2.0-py3-none-any.whl (480 kB)
Downloading accelerate-1.2.1-py3-none-any.whl (336 kB)
Downloading peft-0.14.0-py3-none-any.whl (374 kB)
Downloading evaluate-0.4.3-py3-none-any.whl (84 kB)
Downloading sentencepiece-0.2.0-cp312-cp312-manylinux_2_17_x86_64.manylinux2014_x86_64.whl (1.3 MB)
   ━━━━━━━━━━━━━━━━━━━━━━━━━━━━━━━━━━━━━━━━ 1.3/1.3 MB 282.4 MB/s  0:00:00
Downloading protobuf-4.25.9-cp37-abi3-manylinux2014_x86_64.whl (295 kB)
Downloading pyarrow-17.0.0-cp312-cp312-manylinux_2_28_x86_64.whl (39.9 MB)
   ━━━━━━━━━━━━━━━━━━━━━━━━━━━━━━━━━━━━━━━━ 39.9/39.9 MB 38.0 MB/s  0:00:01
Downloading tokenizers-0.20.3-cp312-cp312-manylinux_2_17_x86_64.manylinux2014_x86_64.whl (3.0 MB)
   ━━━━━━━━━━━━━━━━━━━━━━━━━━━━━━━━━━━━━━━━ 3.0/3.0 MB 115.4 MB/s  0:00:00
Downloading huggingface_hub-0.36.2-py3-none-any.whl (566 kB)
   ━━━━━━━━━━━━━━━━━━━━━━━━━━━━━━━━━━━━━━━━ 566.4/566.4 kB 438.5 MB/s  0:00:00
Downloading dill-0.3.8-py3-none-any.whl (116 kB)
Downloading fsspec-2024.9.0-py3-none-any.whl (179 kB)
Downloading hf_xet-1.5.0-cp37-abi3-manylinux2014_x86_64.manylinux_2_17_x86_64.whl (4.5 MB)
   ━━━━━━━━━━━━━━━━━━━━━━━━━━━━━━━━━━━━━━━━ 4.5/4.5 MB 1.1 GB/s  0:00:00
Downloading multiprocess-0.70.16-py312-none-any.whl (146 kB)
Downloading numpy-2.4.4-cp312-cp312-manylinux_2_27_x86_64.manylinux_2_28_x86_64.whl (16.6 MB)
   ━━━━━━━━━━━━━━━━━━━━━━━━━━━━━━━━━━━━━━━━ 16.6/16.6 MB 402.5 MB/s  0:00:00
Downloading aiohttp-3.13.5-cp312-cp312-manylinux2014_x86_64.manylinux_2_17_x86_64.manylinux_2_28_x86_64.whl (1.8 MB)
   ━━━━━━━━━━━━━━━━━━━━━━━━━━━━━━━━━━━━━━━━ 1.8/1.8 MB 1.1 GB/s  0:00:00
Downloading multidict-6.7.1-cp312-cp312-manylinux2014_x86_64.manylinux_2_17_x86_64.manylinux_2_28_x86_64.whl (256 kB)
Downloading yarl-1.23.0-cp312-cp312-manylinux2014_x86_64.manylinux_2_17_x86_64.manylinux_2_28_x86_64.whl (100 kB)
Downloading aiohappyeyeballs-2.6.1-py3-none-any.whl (15 kB)
Downloading aiosignal-1.4.0-py3-none-any.whl (7.5 kB)
Downloading attrs-26.1.0-py3-none-any.whl (67 kB)
Downloading frozenlist-1.8.0-cp312-cp312-manylinux1_x86_64.manylinux_2_28_x86_64.manylinux_2_5_x86_64.whl (242 kB)
Downloading idna-3.15-py3-none-any.whl (72 kB)
Downloading packaging-26.2-py3-none-any.whl (100 kB)
Downloading propcache-0.5.2-cp312-cp312-manylinux2014_x86_64.manylinux_2_17_x86_64.manylinux_2_28_x86_64.whl (61 kB)
Downloading pyyaml-6.0.3-cp312-cp312-manylinux2014_x86_64.manylinux_2_17_x86_64.manylinux_2_28_x86_64.whl (807 kB)
   ━━━━━━━━━━━━━━━━━━━━━━━━━━━━━━━━━━━━━━━━ 807.9/807.9 kB 1.3 GB/s  0:00:00
Downloading regex-2026.5.9-cp312-cp312-manylinux2014_x86_64.manylinux_2_17_x86_64.manylinux_2_28_x86_64.whl (801 kB)
   ━━━━━━━━━━━━━━━━━━━━━━━━━━━━━━━━━━━━━━━━ 801.2/801.2 kB 1.2 GB/s  0:00:00
Downloading requests-2.34.0-py3-none-any.whl (73 kB)
Downloading charset_normalizer-3.4.7-cp312-cp312-manylinux2014_x86_64.manylinux_2_17_x86_64.manylinux_2_28_x86_64.whl (216 kB)
Downloading urllib3-2.7.0-py3-none-any.whl (131 kB)
Downloading certifi-2026.4.22-py3-none-any.whl (135 kB)
Downloading safetensors-0.7.0-cp38-abi3-manylinux_2_17_x86_64.manylinux2014_x86_64.whl (507 kB)
Downloading torch-2.11.0-cp312-cp312-manylinux_2_28_x86_64.whl (530.7 MB)
   ━━━━━━━━━━━━━━━━━━━━━━━━━━━━━━━━━━━━━━━━ 530.7/530.7 MB 238.4 MB/s  0:00:02
Downloading cuda_toolkit-13.0.2-py2.py3-none-any.whl (2.4 kB)
Downloading nvidia_cudnn_cu13-9.19.0.56-py3-none-manylinux_2_27_x86_64.whl (366.1 MB)
   ━━━━━━━━━━━━━━━━━━━━━━━━━━━━━━━━━━━━━━━━ 366.1/366.1 MB 311.0 MB/s  0:00:01
Downloading nvidia_cusparselt_cu13-0.8.0-py3-none-manylinux2014_x86_64.whl (169.9 MB)
   ━━━━━━━━━━━━━━━━━━━━━━━━━━━━━━━━━━━━━━━━ 169.9/169.9 MB 304.4 MB/s  0:00:00
Downloading nvidia_nccl_cu13-2.28.9-py3-none-manylinux_2_18_x86_64.whl (196.5 MB)
   ━━━━━━━━━━━━━━━━━━━━━━━━━━━━━━━━━━━━━━━━ 196.5/196.5 MB 148.7 MB/s  0:00:01
Downloading nvidia_nvshmem_cu13-3.4.5-py3-none-manylinux2014_x86_64.manylinux_2_17_x86_64.whl (60.4 MB)
   ━━━━━━━━━━━━━━━━━━━━━━━━━━━━━━━━━━━━━━━━ 60.4/60.4 MB 69.4 MB/s  0:00:00
Downloading triton-3.6.0-cp312-cp312-manylinux_2_27_x86_64.manylinux_2_28_x86_64.whl (188.3 MB)
   ━━━━━━━━━━━━━━━━━━━━━━━━━━━━━━━━━━━━━━━━ 188.3/188.3 MB 101.9 MB/s  0:00:01
Downloading cuda_bindings-13.2.0-cp312-cp312-manylinux_2_24_x86_64.manylinux_2_28_x86_64.whl (6.3 MB)
   ━━━━━━━━━━━━━━━━━━━━━━━━━━━━━━━━━━━━━━━━ 6.3/6.3 MB 549.4 MB/s  0:00:00
Downloading cuda_pathfinder-1.5.4-py3-none-any.whl (51 kB)
Downloading nvidia_cublas-13.1.0.3-py3-none-manylinux_2_27_x86_64.whl (423.1 MB)
   ━━━━━━━━━━━━━━━━━━━━━━━━━━━━━━━━━━━━━━━━ 423.1/423.1 MB 306.4 MB/s  0:00:01
Downloading nvidia_cuda_cupti-13.0.85-py3-none-manylinux_2_25_x86_64.whl (10.7 MB)
   ━━━━━━━━━━━━━━━━━━━━━━━━━━━━━━━━━━━━━━━━ 10.7/10.7 MB 379.0 MB/s  0:00:00
Downloading nvidia_cuda_nvrtc-13.0.88-py3-none-manylinux2010_x86_64.manylinux_2_12_x86_64.whl (90.2 MB)
   ━━━━━━━━━━━━━━━━━━━━━━━━━━━━━━━━━━━━━━━━ 90.2/90.2 MB 303.9 MB/s  0:00:00
Downloading nvidia_cuda_runtime-13.0.96-py3-none-manylinux2014_x86_64.manylinux_2_17_x86_64.whl (2.2 MB)
   ━━━━━━━━━━━━━━━━━━━━━━━━━━━━━━━━━━━━━━━━ 2.2/2.2 MB 331.0 MB/s  0:00:00
Downloading nvidia_cufft-12.0.0.61-py3-none-manylinux2014_x86_64.manylinux_2_17_x86_64.whl (214.1 MB)
   ━━━━━━━━━━━━━━━━━━━━━━━━━━━━━━━━━━━━━━━━ 214.1/214.1 MB 300.9 MB/s  0:00:00
Downloading nvidia_cufile-1.15.1.6-py3-none-manylinux2014_x86_64.manylinux_2_17_x86_64.whl (1.2 MB)
   ━━━━━━━━━━━━━━━━━━━━━━━━━━━━━━━━━━━━━━━━ 1.2/1.2 MB 430.3 MB/s  0:00:00
Downloading nvidia_curand-10.4.0.35-py3-none-manylinux_2_27_x86_64.whl (59.5 MB)
   ━━━━━━━━━━━━━━━━━━━━━━━━━━━━━━━━━━━━━━━━ 59.5/59.5 MB 314.3 MB/s  0:00:00
Downloading nvidia_cusolver-12.0.4.66-py3-none-manylinux_2_27_x86_64.whl (200.9 MB)
   ━━━━━━━━━━━━━━━━━━━━━━━━━━━━━━━━━━━━━━━━ 200.9/200.9 MB 303.4 MB/s  0:00:00
Downloading nvidia_cusparse-12.6.3.3-py3-none-manylinux2014_x86_64.manylinux_2_17_x86_64.whl (145.9 MB)
   ━━━━━━━━━━━━━━━━━━━━━━━━━━━━━━━━━━━━━━━━ 145.9/145.9 MB 304.5 MB/s  0:00:00
Downloading nvidia_nvjitlink-13.0.88-py3-none-manylinux2010_x86_64.manylinux_2_12_x86_64.whl (40.7 MB)
   ━━━━━━━━━━━━━━━━━━━━━━━━━━━━━━━━━━━━━━━━ 40.7/40.7 MB 286.5 MB/s  0:00:00
Downloading nvidia_nvtx-13.0.85-py3-none-manylinux1_x86_64.manylinux_2_5_x86_64.whl (148 kB)
Downloading setuptools-81.0.0-py3-none-any.whl (1.1 MB)
   ━━━━━━━━━━━━━━━━━━━━━━━━━━━━━━━━━━━━━━━━ 1.1/1.1 MB 770.5 MB/s  0:00:00
Downloading networkx-3.6.1-py3-none-any.whl (2.1 MB)
   ━━━━━━━━━━━━━━━━━━━━━━━━━━━━━━━━━━━━━━━━ 2.1/2.1 MB 1.4 GB/s  0:00:00
Downloading sympy-1.14.0-py3-none-any.whl (6.3 MB)
   ━━━━━━━━━━━━━━━━━━━━━━━━━━━━━━━━━━━━━━━━ 6.3/6.3 MB 353.6 MB/s  0:00:00
Downloading mpmath-1.3.0-py3-none-any.whl (536 kB)
   ━━━━━━━━━━━━━━━━━━━━━━━━━━━━━━━━━━━━━━━━ 536.2/536.2 kB 1.2 GB/s  0:00:00
Downloading tqdm-4.67.3-py3-none-any.whl (78 kB)
Downloading typing_extensions-4.15.0-py3-none-any.whl (44 kB)
Downloading filelock-3.29.0-py3-none-any.whl (39 kB)
Downloading jinja2-3.1.6-py3-none-any.whl (134 kB)
Downloading markupsafe-3.0.3-cp312-cp312-manylinux2014_x86_64.manylinux_2_17_x86_64.manylinux_2_28_x86_64.whl (22 kB)
Downloading pandas-3.0.3-cp312-cp312-manylinux_2_24_x86_64.manylinux_2_28_x86_64.whl (10.9 MB)
   ━━━━━━━━━━━━━━━━━━━━━━━━━━━━━━━━━━━━━━━━ 10.9/10.9 MB 368.0 MB/s  0:00:00
Downloading python_dateutil-2.9.0.post0-py2.py3-none-any.whl (229 kB)
Downloading six-1.17.0-py2.py3-none-any.whl (11 kB)
Downloading psutil-7.2.2-cp36-abi3-manylinux2010_x86_64.manylinux_2_12_x86_64.manylinux_2_28_x86_64.whl (155 kB)
Downloading xxhash-3.7.0-cp312-cp312-manylinux2014_x86_64.manylinux_2_17_x86_64.manylinux_2_28_x86_64.whl (193 kB)
Installing collected packages: sentencepiece, nvidia-cusparselt-cu13, mpmath, cuda-toolkit, xxhash, urllib3, typing-extensions, triton, tqdm, sympy, six, setuptools, safetensors, regex, pyyaml, psutil, protobuf, propcache, packaging, nvidia-nvtx, nvidia-nvshmem-cu13, nvidia-nvjitlink, nvidia-nccl-cu13, nvidia-curand, nvidia-cufile, nvidia-cuda-runtime, nvidia-cuda-nvrtc, nvidia-cuda-cupti, nvidia-cublas, numpy, networkx, multidict, MarkupSafe, idna, hf-xet, fsspec, frozenlist, filelock, dill, cuda-pathfinder, charset_normalizer, certifi, attrs, aiohappyeyeballs, yarl, requests, python-dateutil, pyarrow, nvidia-cusparse, nvidia-cufft, nvidia-cudnn-cu13, multiprocess, jinja2, cuda-bindings, aiosignal, pandas, nvidia-cusolver, huggingface-hub, aiohttp, tokenizers, transformers, torch, datasets, evaluate, accelerate, peft
  Attempting uninstall: sentencepiece
    Found existing installation: sentencepiece 0.2.1
    Uninstalling sentencepiece-0.2.1:
      Successfully uninstalled sentencepiece-0.2.1
  Attempting uninstall: xxhash
    Found existing installation: xxhash 3.7.0
    Uninstalling xxhash-3.7.0:
      Successfully uninstalled xxhash-3.7.0
  Attempting uninstall: regex
    Found existing installation: regex 2026.5.9
    Uninstalling regex-2026.5.9:
      Successfully uninstalled regex-2026.5.9
  Attempting uninstall: hf-xet
    Found existing installation: hf-xet 1.5.0
    Uninstalling hf-xet-1.5.0:
      Successfully uninstalled hf-xet-1.5.0
  Attempting uninstall: dill
    Found existing installation: dill 0.4.1
    Uninstalling dill-0.4.1:
      Successfully uninstalled dill-0.4.1
  Attempting uninstall: pyarrow
    Found existing installation: pyarrow 24.0.0
    Uninstalling pyarrow-24.0.0:
      Successfully uninstalled pyarrow-24.0.0
  Attempting uninstall: multiprocess
    Found existing installation: multiprocess 0.70.19
    Uninstalling multiprocess-0.70.19:
      Successfully uninstalled multiprocess-0.70.19
  Attempting uninstall: huggingface-hub
    Found existing installation: huggingface_hub 1.14.0
    Uninstalling huggingface_hub-1.14.0:
      Successfully uninstalled huggingface_hub-1.14.0
  Attempting uninstall: tokenizers
    Found existing installation: tokenizers 0.22.2
    Uninstalling tokenizers-0.22.2:
      Successfully uninstalled tokenizers-0.22.2
  Attempting uninstall: transformers
    Found existing installation: transformers 5.8.0
    Uninstalling transformers-5.8.0:
      Successfully uninstalled transformers-5.8.0
  Attempting uninstall: datasets
    Found existing installation: datasets 4.8.5
    Uninstalling datasets-4.8.5:
      Successfully uninstalled datasets-4.8.5
  Attempting uninstall: evaluate
    Found existing installation: evaluate 0.4.6
    Uninstalling evaluate-0.4.6:
      Successfully uninstalled evaluate-0.4.6
  Attempting uninstall: accelerate
    Found existing installation: accelerate 1.13.0
    Uninstalling accelerate-1.13.0:
      Successfully uninstalled accelerate-1.13.0
  Attempting uninstall: peft
    Found existing installation: peft 0.19.1
    Uninstalling peft-0.19.1:
      Successfully uninstalled peft-0.19.1

ERROR: pip's dependency resolver does not currently take into account all the packages that are installed. This behaviour is the source of the following dependency conflicts.
cupy-cuda12x 13.2.0 requires numpy<2.3,>=1.22, but you have numpy 2.4.4 which is incompatible.
dask-cudf 24.10.0 requires pandas<2.2.3dev0,>=2.0, but you have pandas 3.0.3 which is incompatible.
scipy 1.14.1 requires numpy<2.3,>=1.23.5, but you have numpy 2.4.4 which is incompatible.
nvidia-modelopt 0.21.0 requires numpy<2, but you have numpy 2.4.4 which is incompatible.
thinc 8.2.5 requires numpy<2.0.0,>=1.19.0; python_version >= "3.9", but you have numpy 2.4.4 which is incompatible.
torchvision 0.20.0a0 requires torch==2.6.0a0+df5bbc09d1.nv24.12, but you have torch 2.11.0 which is incompatible.
cudf 24.10.0 requires pandas<2.2.3dev0,>=2.0, but you have pandas 3.0.3 which is incompatible.
numba 0.59.1 requires numpy<1.27,>=1.22, but you have numpy 2.4.4 which is incompatible.
nvidia-dali-cuda120 1.44.0 requires packaging<=24.2, but you have packaging 26.2 which is incompatible.
nvidia-dali-cuda120 1.44.0 requires six<=1.16,>=1.16, but you have six 1.17.0 which is incompatible.
lightning-thunder 0.2.0.dev0 requires numpy<2,>=1.23.0, but you have numpy 2.4.4 which is incompatible.
Successfully installed MarkupSafe-3.0.3 accelerate-1.2.1 aiohappyeyeballs-2.6.1 aiohttp-3.13.5 aiosignal-1.4.0 attrs-26.1.0 certifi-2026.4.22 charset_normalizer-3.4.7 cuda-bindings-13.2.0 cuda-pathfinder-1.5.4 cuda-toolkit-13.0.2 datasets-3.2.0 dill-0.3.8 evaluate-0.4.3 filelock-3.29.0 frozenlist-1.8.0 fsspec-2024.9.0 hf-xet-1.5.0 huggingface-hub-0.36.2 idna-3.15 jinja2-3.1.6 mpmath-1.3.0 multidict-6.7.1 multiprocess-0.70.16 networkx-3.6.1 numpy-2.4.4 nvidia-cublas-13.1.0.3 nvidia-cuda-cupti-13.0.85 nvidia-cuda-nvrtc-13.0.88 nvidia-cuda-runtime-13.0.96 nvidia-cudnn-cu13-9.19.0.56 nvidia-cufft-12.0.0.61 nvidia-cufile-1.15.1.6 nvidia-curand-10.4.0.35 nvidia-cusolver-12.0.4.66 nvidia-cusparse-12.6.3.3 nvidia-cusparselt-cu13-0.8.0 nvidia-nccl-cu13-2.28.9 nvidia-nvjitlink-13.0.88 nvidia-nvshmem-cu13-3.4.5 nvidia-nvtx-13.0.85 packaging-26.2 pandas-3.0.3 peft-0.14.0 propcache-0.5.2 protobuf-4.25.9 psutil-7.2.2 pyarrow-17.0.0 python-dateutil-2.9.0.post0 pyyaml-6.0.3 regex-2026.5.9 requests-2.34.0 safetensors-0.7.0 sentencepiece-0.2.0 setuptools-81.0.0 six-1.17.0 sympy-1.14.0 tokenizers-0.20.3 torch-2.11.0 tqdm-4.67.3 transformers-4.46.3 triton-3.6.0 typing-extensions-4.15.0 urllib3-2.7.0 xxhash-3.7.0 yarl-1.23.0
Verifying installs...
torch OK 2.11.0+cu130
transformers OK 4.46.3
datasets OK 3.2.0
accelerate OK 1.2.1
Traceback (most recent call last):
  File "/home/qln/nebius-poc/hf_home/lib/python3.12/site-packages/transformers/utils/import_utils.py", line 1778, in _get_module
    return importlib.import_module("." + module_name, self.__name__)
           ^^^^^^^^^^^^^^^^^^^^^^^^^^^^^^^^^^^^^^^^^^^^^^^^^^^^^^^^^
  File "/usr/lib/python3.12/importlib/__init__.py", line 90, in import_module
    return _bootstrap._gcd_import(name[level:], package, level)
           ^^^^^^^^^^^^^^^^^^^^^^^^^^^^^^^^^^^^^^^^^^^^^^^^^^^^
  File "<frozen importlib._bootstrap>", line 1387, in _gcd_import
  File "<frozen importlib._bootstrap>", line 1360, in _find_and_load
  File "<frozen importlib._bootstrap>", line 1331, in _find_and_load_unlocked
  File "<frozen importlib._bootstrap>", line 935, in _load_unlocked
  File "<frozen importlib._bootstrap_external>", line 995, in exec_module
  File "<frozen importlib._bootstrap>", line 488, in _call_with_frames_removed
  File "/home/qln/nebius-poc/hf_home/lib/python3.12/site-packages/transformers/models/bloom/modeling_bloom.py", line 38, in <module>
    from ...modeling_utils import PreTrainedModel
  File "/home/qln/nebius-poc/hf_home/lib/python3.12/site-packages/transformers/modeling_utils.py", line 48, in <module>
    from .loss.loss_utils import LOSS_MAPPING
  File "/home/qln/nebius-poc/hf_home/lib/python3.12/site-packages/transformers/loss/loss_utils.py", line 19, in <module>
    from .loss_deformable_detr import DeformableDetrForObjectDetectionLoss, DeformableDetrForSegmentationLoss
  File "/home/qln/nebius-poc/hf_home/lib/python3.12/site-packages/transformers/loss/loss_deformable_detr.py", line 4, in <module>
    from ..image_transforms import center_to_corners_format
  File "/home/qln/nebius-poc/hf_home/lib/python3.12/site-packages/transformers/image_transforms.py", line 22, in <module>
    from .image_utils import (
  File "/home/qln/nebius-poc/hf_home/lib/python3.12/site-packages/transformers/image_utils.py", line 58, in <module>
    from torchvision.transforms import InterpolationMode
  File "/usr/local/lib/python3.12/dist-packages/torchvision/__init__.py", line 10, in <module>
    from torchvision import _meta_registrations, datasets, io, models, ops, transforms, utils  # usort:skip
    ^^^^^^^^^^^^^^^^^^^^^^^^^^^^^^^^^^^^^^^^^^^^^^^^^^^^^^^^^^^^^^^^^^^^^^^^^^^^^^^^^^^^^^^^^
  File "/usr/local/lib/python3.12/dist-packages/torchvision/_meta_registrations.py", line 163, in <module>
    @torch.library.register_fake("torchvision::nms")
     ^^^^^^^^^^^^^^^^^^^^^^^^^^^^^^^^^^^^^^^^^^^^^^^
  File "/home/qln/nebius-poc/hf_home/lib/python3.12/site-packages/torch/library.py", line 1087, in register
    use_lib._register_fake(
  File "/home/qln/nebius-poc/hf_home/lib/python3.12/site-packages/torch/library.py", line 204, in _register_fake
    handle = entry.fake_impl.register(
             ^^^^^^^^^^^^^^^^^^^^^^^^^
  File "/home/qln/nebius-poc/hf_home/lib/python3.12/site-packages/torch/_library/fake_impl.py", line 50, in register
    if torch._C._dispatch_has_kernel_for_dispatch_key(self.qualname, "Meta"):
       ^^^^^^^^^^^^^^^^^^^^^^^^^^^^^^^^^^^^^^^^^^^^^^^^^^^^^^^^^^^^^^^^^^^^^
RuntimeError: operator torchvision::nms does not exist

The above exception was the direct cause of the following exception:

Traceback (most recent call last):
  File "<stdin>", line 3, in <module>
  File "/home/qln/nebius-poc/hf_home/lib/python3.12/site-packages/peft/__init__.py", line 22, in <module>
    from .auto import (
  File "/home/qln/nebius-poc/hf_home/lib/python3.12/site-packages/peft/auto.py", line 31, in <module>
    from .config import PeftConfig
  File "/home/qln/nebius-poc/hf_home/lib/python3.12/site-packages/peft/config.py", line 24, in <module>
    from .utils import CONFIG_NAME, PeftType, TaskType
  File "/home/qln/nebius-poc/hf_home/lib/python3.12/site-packages/peft/utils/__init__.py", line 24, in <module>
    from .other import (
  File "/home/qln/nebius-poc/hf_home/lib/python3.12/site-packages/peft/utils/other.py", line 34, in <module>
    from .constants import (
  File "/home/qln/nebius-poc/hf_home/lib/python3.12/site-packages/peft/utils/constants.py", line 16, in <module>
    from transformers import BloomPreTrainedModel
  File "<frozen importlib._bootstrap>", line 1412, in _handle_fromlist
  File "/home/qln/nebius-poc/hf_home/lib/python3.12/site-packages/transformers/utils/import_utils.py", line 1767, in __getattr__
    value = getattr(module, name)
            ^^^^^^^^^^^^^^^^^^^^^
  File "/home/qln/nebius-poc/hf_home/lib/python3.12/site-packages/transformers/utils/import_utils.py", line 1766, in __getattr__
    module = self._get_module(self._class_to_module[name])
             ^^^^^^^^^^^^^^^^^^^^^^^^^^^^^^^^^^^^^^^^^^^^^
  File "/home/qln/nebius-poc/hf_home/lib/python3.12/site-packages/transformers/utils/import_utils.py", line 1780, in _get_module
    raise RuntimeError(
RuntimeError: Failed to import transformers.models.bloom.modeling_bloom because of the following error (look up to see its traceback):
operator torchvision::nms does not exist
srun: error: worker-0: task 0: Exited with exit code 1
srun: Terminating StepId=226.0
